2dMove02/build/outputs/logs/manifest-merger-debug-report.txt
-- Merging decision tree log ---
manifest
ADDED from src\main\AndroidManifest.xml:2:1-65:12
INJECTED from src\main\AndroidManifest.xml:2:1-65:12
INJECTED from src\main\AndroidManifest.xml:2:1-65:12
INJECTED from src\main\AndroidManifest.xml:2:1-65:12
INJECTED from src\main\AndroidManifest.xml:2:1-65:12
INJECTED from src\main\AndroidManifest.xml:2:1-65:12
INJECTED from src\main\AndroidManifest.xml:2:1-65:12
	package
		ADDED from src\main\AndroidManifest.xml:4:5-33
		INJECTED from src\main\AndroidManifest.xml
		INJECTED from src\main\AndroidManifest.xml
	android:versionName
		ADDED from src\main\AndroidManifest.xml:7:5-30
		INJECTED from src\main\AndroidManifest.xml
		INJECTED from src\main\AndroidManifest.xml
	xmlns:tools
		ADDED from src\main\AndroidManifest.xml:3:5-51
	xmlns:android
		ADDED from src\main\AndroidManifest.xml:2:11-69
	android:versionCode
		ADDED from src\main\AndroidManifest.xml:6:5-28
		INJECTED from src\main\AndroidManifest.xml
		INJECTED from src\main\AndroidManifest.xml
	android:installLocation
		ADDED from src\main\AndroidManifest.xml:5:5-45
supports-screens
ADDED from src\main\AndroidManifest.xml:9:5-14:40
	android:largeScreens
		ADDED from src\main\AndroidManifest.xml:11:9-36
	android:smallScreens
		ADDED from src\main\AndroidManifest.xml:13:9-36
	android:normalScreens
		ADDED from src\main\AndroidManifest.xml:12:9-37
	android:xlargeScreens
		ADDED from src\main\AndroidManifest.xml:14:9-37
	android:anyDensity
		ADDED from src\main\AndroidManifest.xml:10:9-34
application
ADDED from src\main\AndroidManifest.xml:15:5-38:19
	android:isGame
		ADDED from src\main\AndroidManifest.xml:17:9-30
activity#com.Company.test2D.UnityPlayerActivity
ADDED from src\main\AndroidManifest.xml:18:9-27:20
	android:screenOrientation
		ADDED from src\main\AndroidManifest.xml:23:13-51
	android:label
		ADDED from src\main\AndroidManifest.xml:21:13-45
	android:launchMode
		ADDED from src\main\AndroidManifest.xml:22:13-44
	android:configChanges
		ADDED from src\main\AndroidManifest.xml:20:13-186
	android:name
		ADDED from src\main\AndroidManifest.xml:19:13-66
meta-data#unityplayer.UnityActivity
ADDED from src\main\AndroidManifest.xml:24:13-26:40
	android:value
		ADDED from src\main\AndroidManifest.xml:26:17-37
	android:name
		ADDED from src\main\AndroidManifest.xml:25:17-57
meta-data#unity.build-id
ADDED from src\main\AndroidManifest.xml:29:9-31:68
	android:value
		ADDED from src\main\AndroidManifest.xml:31:13-65
	android:name
		ADDED from src\main\AndroidManifest.xml:30:13-42
meta-data#unity.splash-mode
ADDED from src\main\AndroidManifest.xml:32:9-34:33
	android:value
		ADDED from src\main\AndroidManifest.xml:34:13-30
	android:name
		ADDED from src\main\AndroidManifest.xml:33:13-45
meta-data#unity.splash-enable
ADDED from src\main\AndroidManifest.xml:35:9-37:36
	android:value
		ADDED from src\main\AndroidManifest.xml:37:13-33
	android:name
		ADDED from src\main\AndroidManifest.xml:36:13-47
uses-sdk
ADDED from src\main\AndroidManifest.xml:39:5-41:41
INJECTED from src\main\AndroidManifest.xml:39:5-41:41
INJECTED from src\main\AndroidManifest.xml:39:5-41:41
	android:targetSdkVersion
		ADDED from src\main\AndroidManifest.xml:41:9-38
		INJECTED from src\main\AndroidManifest.xml
		INJECTED from src\main\AndroidManifest.xml
	android:minSdkVersion
		ADDED from src\main\AndroidManifest.xml:40:9-35
uses-feature#0x00020000
ADDED from src\main\AndroidManifest.xml:43:5-54
	android:glEsVersion
		ADDED from src\main\AndroidManifest.xml:43:19-51
uses-feature#android.hardware.vulkan
ADDED from src\main\AndroidManifest.xml:44:5-46:36
	android:required
		ADDED from src\main\AndroidManifest.xml:46:9-33
	android:name
		ADDED from src\main\AndroidManifest.xml:45:9-47
uses-permission#android.permission.INTERNET
ADDED from src\main\AndroidManifest.xml:48:5-67
	android:name
		ADDED from src\main\AndroidManifest.xml:48:22-64
uses-permission#android.permission.WRITE_EXTERNAL_STORAGE
ADDED from src\main\AndroidManifest.xml:49:5-51:38
	android:maxSdkVersion
		ADDED from src\main\AndroidManifest.xml:51:9-35
	android:name
		ADDED from src\main\AndroidManifest.xml:50:9-65
uses-permission#android.permission.READ_EXTERNAL_STORAGE
ADDED from src\main\AndroidManifest.xml:52:5-54:38
	android:maxSdkVersion
		ADDED from src\main\AndroidManifest.xml:54:9-35
	android:name
		ADDED from src\main\AndroidManifest.xml:53:9-64
uses-feature#android.hardware.touchscreen
ADDED from src\main\AndroidManifest.xml:56:5-58:36
	android:required
		ADDED from src\main\AndroidManifest.xml:58:9-33
	android:name
		ADDED from src\main\AndroidManifest.xml:57:9-52
uses-feature#android.hardware.touchscreen.multitouch
ADDED from src\main\AndroidManifest.xml:59:5-61:36
	android:required
		ADDED from src\main\AndroidManifest.xml:61:9-33
	android:name
		ADDED from src\main\AndroidManifest.xml:60:9-63
uses-feature#android.hardware.touchscreen.multitouch.distinct
ADDED from src\main\AndroidManifest.xml:62:5-64:36
	android:required
		ADDED from src\main\AndroidManifest.xml:64:9-33
	android:name
		ADDED from src\main\AndroidManifest.xml:63:9-72